<?xml version="1.0" encoding="UTF-8"?>
<testsuite xmlns:xsi="http://www.w3.org/2001/XMLSchema-instance" xsi:noNamespaceSchemaLocation="https://maven.apache.org/surefire/maven-surefire-plugin/xsd/surefire-test-report-3.0.xsd" version="3.0" name="TestMain" time="20.202" tests="2" errors="0" skipped="0" failures="0">
  <properties>
    <property name="java.specification.version" value="23"/>
    <property name="sun.cpu.isalist" value="amd64"/>
    <property name="sun.jnu.encoding" value="Cp1252"/>
    <property name="java.class.path" value="C:\Users\HamzaWH\Desktop\Atypon Internship\by me\Processor-Simulator\target\test-classes;C:\Users\HamzaWH\Desktop\Atypon Internship\by me\Processor-Simulator\target\classes;C:\Users\HamzaWH\.m2\repository\org\junit\jupiter\junit-jupiter-api\5.12.0\junit-jupiter-api-5.12.0.jar;C:\Users\HamzaWH\.m2\repository\org\opentest4j\opentest4j\1.3.0\opentest4j-1.3.0.jar;C:\Users\HamzaWH\.m2\repository\org\junit\platform\junit-platform-commons\1.12.0\junit-platform-commons-1.12.0.jar;C:\Users\HamzaWH\.m2\repository\org\apiguardian\apiguardian-api\1.1.2\apiguardian-api-1.1.2.jar;"/>
    <property name="java.vm.vendor" value="Oracle Corporation"/>
    <property name="sun.arch.data.model" value="64"/>
    <property name="user.variant" value=""/>
    <property name="java.vendor.url" value="https://java.oracle.com/"/>
    <property name="user.timezone" value="Asia/Amman"/>
    <property name="os.name" value="Windows 11"/>
    <property name="java.vm.specification.version" value="23"/>
    <property name="sun.java.launcher" value="SUN_STANDARD"/>
    <property name="user.country" value="US"/>
    <property name="sun.boot.library.path" value="C:\Program Files\Java\jdk-23\bin"/>
    <property name="sun.java.command" value="C:\Users\HamzaWH\AppData\Local\Temp\surefire7614473575748593163\surefirebooter-20250304085707239_3.jar C:\Users\HamzaWH\AppData\Local\Temp\surefire7614473575748593163 2025-03-04T08-57-07_018-jvmRun1 surefire-20250304085707239_1tmp surefire_0-20250304085707239_2tmp"/>
    <property name="jdk.debug" value="release"/>
    <property name="surefire.test.class.path" value="C:\Users\HamzaWH\Desktop\Atypon Internship\by me\Processor-Simulator\target\test-classes;C:\Users\HamzaWH\Desktop\Atypon Internship\by me\Processor-Simulator\target\classes;C:\Users\HamzaWH\.m2\repository\org\junit\jupiter\junit-jupiter-api\5.12.0\junit-jupiter-api-5.12.0.jar;C:\Users\HamzaWH\.m2\repository\org\opentest4j\opentest4j\1.3.0\opentest4j-1.3.0.jar;C:\Users\HamzaWH\.m2\repository\org\junit\platform\junit-platform-commons\1.12.0\junit-platform-commons-1.12.0.jar;C:\Users\HamzaWH\.m2\repository\org\apiguardian\apiguardian-api\1.1.2\apiguardian-api-1.1.2.jar;"/>
    <property name="sun.cpu.endian" value="little"/>
    <property name="user.home" value="C:\Users\HamzaWH"/>
    <property name="user.language" value="en"/>
    <property name="java.specification.vendor" value="Oracle Corporation"/>
    <property name="java.version.date" value="2024-10-15"/>
    <property name="java.home" value="C:\Program Files\Java\jdk-23"/>
    <property name="file.separator" value="\"/>
    <property name="basedir" value="C:\Users\HamzaWH\Desktop\Atypon Internship\by me\Processor-Simulator"/>
    <property name="java.vm.compressedOopsMode" value="32-bit"/>
    <property name="line.separator" value="&#10;"/>
    <property name="java.vm.specification.vendor" value="Oracle Corporation"/>
    <property name="java.specification.name" value="Java Platform API Specification"/>
    <property name="surefire.real.class.path" value="C:\Users\HamzaWH\AppData\Local\Temp\surefire7614473575748593163\surefirebooter-20250304085707239_3.jar"/>
    <property name="user.script" value=""/>
    <property name="sun.management.compiler" value="HotSpot 64-Bit Tiered Compilers"/>
    <property name="java.runtime.version" value="23.0.1+11-39"/>
    <property name="user.name" value="HamzaWH"/>
    <property name="stdout.encoding" value="Cp1252"/>
    <property name="path.separator" value=";"/>
    <property name="os.version" value="10.0"/>
    <property name="java.runtime.name" value="Java(TM) SE Runtime Environment"/>
    <property name="file.encoding" value="UTF-8"/>
    <property name="java.vm.name" value="Java HotSpot(TM) 64-Bit Server VM"/>
    <property name="localRepository" value="C:\Users\HamzaWH\.m2\repository"/>
    <property name="java.vendor.url.bug" value="https://bugreport.java.com/bugreport/"/>
    <property name="java.io.tmpdir" value="C:\Users\HamzaWH\AppData\Local\Temp\"/>
    <property name="java.version" value="23.0.1"/>
    <property name="user.dir" value="C:\Users\HamzaWH\Desktop\Atypon Internship\by me\Processor-Simulator"/>
    <property name="os.arch" value="amd64"/>
    <property name="java.vm.specification.name" value="Java Virtual Machine Specification"/>
    <property name="sun.os.patch.level" value=""/>
    <property name="native.encoding" value="Cp1252"/>
    <property name="java.library.path" value="C:\Program Files\Java\jdk-23\bin;C:\WINDOWS\Sun\Java\bin;C:\WINDOWS\system32;C:\WINDOWS;C:\Program Files\Common Files\Oracle\Java\javapath;C:\WINDOWS\system32;C:\WINDOWS;C:\WINDOWS\System32\Wbem;C:\WINDOWS\System32\WindowsPowerShell\v1.0\;C:\WINDOWS\System32\OpenSSH\;C:\Program Files\nodejs\;C:\Program Files\Git\cmd;C:\Program Files\Java\jdk-23\bin;C:\Users\HamzaWH\Downloads\apache-maven-3.9.9\bin;;C:\Program Files\Docker\Docker\resources\bin;C:\Users\HamzaWH\AppData\Local\Microsoft\WindowsApps;C:\Users\HamzaWH\AppData\Local\Programs\Microsoft VS Code\bin;C:\msys64\ucrt64\bin;C:\Users\HamzaWH\AppData\Local\Microsoft\WinGet\Packages\Schniz.fnm_Microsoft.Winget.Source_8wekyb3d8bbwe;C:\Users\HamzaWH\AppData\Roaming\npm;C:\Program Files\JetBrains\IntelliJ IDEA Community Edition 2024.3\bin;;;."/>
    <property name="java.vm.info" value="mixed mode, sharing"/>
    <property name="stderr.encoding" value="Cp1252"/>
    <property name="java.vendor" value="Oracle Corporation"/>
    <property name="java.vm.version" value="23.0.1+11-39"/>
    <property name="sun.io.unicode.encoding" value="UnicodeLittle"/>
    <property name="java.class.version" value="67.0"/>
  </properties>
  <testcase name="testCaseOne" classname="TestMain" time="9.262">
    <system-out><![CDATA[


Starting a new test case...




***************************************
Current Cycle: C1
***************************************
&amp#27;[34mCreate task: T1&amp#27;[0m
&amp#27;[34mCreate task: T2&amp#27;[0m
&amp#27;[34mCreate task: T3&amp#27;[0m
&amp#27;[32mProcessor P2 started processing: T2&amp#27;[0m
&amp#27;[33mTask T2 remaining time: 2&amp#27;[0m
&amp#27;[32mProcessor P1 started processing: T3&amp#27;[0m
&amp#27;[33mTask T3 remaining time: 4&amp#27;[0m

***************************************
Current Cycle: C2
***************************************
Waiting tasks: 
	T1
&amp#27;[33mTask T2 remaining time: 1&amp#27;[0m
&amp#27;[33mTask T3 remaining time: 3&amp#27;[0m

***************************************
Current Cycle: C3
***************************************
Waiting tasks: 
	T1
&amp#27;[34mCreate task: T4&amp#27;[0m
&amp#27;[31mProcessor P2 completed task: T2&amp#27;[0m
&amp#27;[33mTask T3 remaining time: 2&amp#27;[0m

***************************************
Current Cycle: C4
***************************************
Waiting tasks: 
	T4
	T1
&amp#27;[34mCreate task: T5&amp#27;[0m
&amp#27;[32mProcessor P2 started processing: T4&amp#27;[0m
&amp#27;[33mTask T4 remaining time: 3&amp#27;[0m
&amp#27;[33mTask T3 remaining time: 1&amp#27;[0m

***************************************
Current Cycle: C5
***************************************
Waiting tasks: 
	T1
	T5
&amp#27;[34mCreate task: T6&amp#27;[0m
&amp#27;[33mTask T4 remaining time: 2&amp#27;[0m
&amp#27;[31mProcessor P1 completed task: T3&amp#27;[0m

***************************************
Current Cycle: C6
***************************************
Waiting tasks: 
	T1
	T5
	T6
&amp#27;[32mProcessor P1 started processing: T1&amp#27;[0m
&amp#27;[33mTask T1 remaining time: 3&amp#27;[0m
&amp#27;[33mTask T4 remaining time: 1&amp#27;[0m

***************************************
Current Cycle: C7
***************************************
Waiting tasks: 
	T6
	T5
&amp#27;[33mTask T1 remaining time: 2&amp#27;[0m
&amp#27;[31mProcessor P2 completed task: T4&amp#27;[0m

***************************************
Current Cycle: C8
***************************************
Waiting tasks: 
	T6
	T5
&amp#27;[32mProcessor P2 started processing: T6&amp#27;[0m
&amp#27;[33mTask T6 remaining time: 2&amp#27;[0m
&amp#27;[33mTask T1 remaining time: 1&amp#27;[0m

***************************************
Current Cycle: C9
***************************************
Waiting tasks: 
	T5
&amp#27;[33mTask T6 remaining time: 1&amp#27;[0m
&amp#27;[31mProcessor P1 completed task: T1&amp#27;[0m

***************************************
Current Cycle: C10
***************************************
Waiting tasks: 
	T5
&amp#27;[32mProcessor P1 started processing: T5&amp#27;[0m
&amp#27;[31mProcessor P1 completed task: T5&amp#27;[0m
&amp#27;[31mProcessor P2 completed task: T6&amp#27;[0m



Test case completed.



]]></system-out>
  </testcase>
  <testcase name="testCaseTwo" classname="TestMain" time="10.88">
    <system-out><![CDATA[


Starting a new test case...




***************************************
Current Cycle: C1
***************************************
&amp#27;[34mCreate task: T1&amp#27;[0m
&amp#27;[34mCreate task: T2&amp#27;[0m
&amp#27;[34mCreate task: T3&amp#27;[0m
&amp#27;[32mProcessor P1 started processing: T1&amp#27;[0m
&amp#27;[32mProcessor P2 started processing: T2&amp#27;[0m
&amp#27;[33mTask T2 remaining time: 4&amp#27;[0m
&amp#27;[33mTask T1 remaining time: 8&amp#27;[0m
&amp#27;[32mProcessor P3 started processing: T3&amp#27;[0m
&amp#27;[33mTask T3 remaining time: 3&amp#27;[0m

***************************************
Current Cycle: C2
***************************************
&amp#27;[33mTask T1 remaining time: 7&amp#27;[0m
&amp#27;[33mTask T2 remaining time: 3&amp#27;[0m
&amp#27;[33mTask T3 remaining time: 2&amp#27;[0m

***************************************
Current Cycle: C3
***************************************
&amp#27;[34mCreate task: T4&amp#27;[0m
&amp#27;[32mProcessor P4 started processing: T4&amp#27;[0m
&amp#27;[33mTask T4 remaining time: 2&amp#27;[0m
&amp#27;[33mTask T2 remaining time: 2&amp#27;[0m
&amp#27;[33mTask T3 remaining time: 1&amp#27;[0m
&amp#27;[33mTask T1 remaining time: 6&amp#27;[0m

***************************************
Current Cycle: C4
***************************************
&amp#27;[34mCreate task: T5&amp#27;[0m
&amp#27;[34mCreate task: T6&amp#27;[0m
&amp#27;[33mTask T4 remaining time: 1&amp#27;[0m
&amp#27;[31mProcessor P3 completed task: T3&amp#27;[0m
&amp#27;[33mTask T2 remaining time: 1&amp#27;[0m
&amp#27;[33mTask T1 remaining time: 5&amp#27;[0m

***************************************
Current Cycle: C5
***************************************
Waiting tasks: 
	T5
	T6
&amp#27;[34mCreate task: T7&amp#27;[0m
&amp#27;[32mProcessor P3 started processing: T7&amp#27;[0m
&amp#27;[33mTask T7 remaining time: 2&amp#27;[0m
&amp#27;[31mProcessor P4 completed task: T4&amp#27;[0m
&amp#27;[31mProcessor P2 completed task: T2&amp#27;[0m
&amp#27;[33mTask T1 remaining time: 4&amp#27;[0m

***************************************
Current Cycle: C6
***************************************
Waiting tasks: 
	T5
	T6
&amp#27;[32mProcessor P2 started processing: T5&amp#27;[0m
&amp#27;[33mTask T5 remaining time: 1&amp#27;[0m
&amp#27;[32mProcessor P4 started processing: T6&amp#27;[0m
&amp#27;[33mTask T6 remaining time: 1&amp#27;[0m
&amp#27;[33mTask T7 remaining time: 1&amp#27;[0m
&amp#27;[33mTask T1 remaining time: 3&amp#27;[0m

***************************************
Current Cycle: C7
***************************************
&amp#27;[31mProcessor P2 completed task: T5&amp#27;[0m
&amp#27;[31mProcessor P4 completed task: T6&amp#27;[0m
&amp#27;[31mProcessor P3 completed task: T7&amp#27;[0m
&amp#27;[33mTask T1 remaining time: 2&amp#27;[0m

***************************************
Current Cycle: C8
***************************************
&amp#27;[33mTask T1 remaining time: 1&amp#27;[0m

***************************************
Current Cycle: C9
***************************************
&amp#27;[34mCreate task: T8&amp#27;[0m
&amp#27;[34mCreate task: T9&amp#27;[0m
&amp#27;[32mProcessor P2 started processing: T9&amp#27;[0m
&amp#27;[32mProcessor P3 started processing: T8&amp#27;[0m
&amp#27;[33mTask T9 remaining time: 3&amp#27;[0m
&amp#27;[33mTask T8 remaining time: 3&amp#27;[0m
&amp#27;[31mProcessor P1 completed task: T1&amp#27;[0m

***************************************
Current Cycle: C10
***************************************
&amp#27;[34mCreate task: T10&amp#27;[0m
&amp#27;[32mProcessor P1 started processing: T10&amp#27;[0m
&amp#27;[31mProcessor P1 completed task: T10&amp#27;[0m
&amp#27;[33mTask T8 remaining time: 2&amp#27;[0m
&amp#27;[33mTask T9 remaining time: 2&amp#27;[0m

***************************************
Current Cycle: C11
***************************************
&amp#27;[33mTask T9 remaining time: 1&amp#27;[0m
&amp#27;[33mTask T8 remaining time: 1&amp#27;[0m

***************************************
Current Cycle: C12
***************************************
&amp#27;[31mProcessor P2 completed task: T9&amp#27;[0m
&amp#27;[31mProcessor P3 completed task: T8&amp#27;[0m



Test case completed.



]]></system-out>
  </testcase>
</testsuite>